2024-01-08  9:07:18 0 [Note] Starting MariaDB 10.4.32-MariaDB source revision c4143f909528e3fab0677a28631d10389354c491 as process 7616
2024-01-08  9:07:18 0 [Note] InnoDB: Mutexes and rw_locks use Windows interlocked functions
2024-01-08  9:07:18 0 [Note] InnoDB: Uses event mutexes
2024-01-08  9:07:18 0 [Note] InnoDB: Compressed tables use zlib 1.3
2024-01-08  9:07:18 0 [Note] InnoDB: Number of pools: 1
2024-01-08  9:07:18 0 [Note] InnoDB: Using SSE2 crc32 instructions
2024-01-08  9:07:18 0 [Note] InnoDB: Initializing buffer pool, total size = 16M, instances = 1, chunk size = 16M
2024-01-08  9:07:18 0 [Note] InnoDB: Completed initialization of buffer pool
2024-01-08  9:07:18 0 [Note] InnoDB: Starting crash recovery from checkpoint LSN=300288
2024-01-08  9:07:19 0 [Note] InnoDB: 128 out of 128 rollback segments are active.
2024-01-08  9:07:19 0 [Note] InnoDB: Removed temporary tablespace data file: "ibtmp1"
2024-01-08  9:07:19 0 [Note] InnoDB: Creating shared tablespace for temporary tables
2024-01-08  9:07:19 0 [Note] InnoDB: Setting file 'C:\xampp\mysql\data\ibtmp1' size to 12 MB. Physically writing the file full; Please wait ...
2024-01-08  9:07:19 0 [Note] InnoDB: File 'C:\xampp\mysql\data\ibtmp1' size is now 12 MB.
2024-01-08  9:07:19 0 [Note] InnoDB: Waiting for purge to start
2024-01-08  9:07:19 0 [Note] InnoDB: 10.4.32 started; log sequence number 300297; transaction id 170
2024-01-08  9:07:19 0 [Note] InnoDB: Loading buffer pool(s) from C:\xampp\mysql\data\ib_buffer_pool
2024-01-08  9:07:19 0 [Note] Plugin 'FEEDBACK' is disabled.
2024-01-08  9:07:19 0 [Note] InnoDB: Buffer pool(s) load completed at 240108  9:07:19
2024-01-08  9:07:19 0 [Note] Server socket created on IP: '::'.
2024-01-09 10:03:26 0 [Note] Starting MariaDB 10.4.32-MariaDB source revision c4143f909528e3fab0677a28631d10389354c491 as process 2352
2024-01-09 10:03:27 0 [Note] InnoDB: Mutexes and rw_locks use Windows interlocked functions
2024-01-09 10:03:27 0 [Note] InnoDB: Uses event mutexes
2024-01-09 10:03:27 0 [Note] InnoDB: Compressed tables use zlib 1.3
2024-01-09 10:03:27 0 [Note] InnoDB: Number of pools: 1
2024-01-09 10:03:27 0 [Note] InnoDB: Using SSE2 crc32 instructions
2024-01-09 10:03:27 0 [Note] InnoDB: Initializing buffer pool, total size = 16M, instances = 1, chunk size = 16M
2024-01-09 10:03:27 0 [Note] InnoDB: Completed initialization of buffer pool
2024-01-09 10:03:27 0 [Note] InnoDB: Starting crash recovery from checkpoint LSN=317654
2024-01-09 10:03:27 0 [Note] InnoDB: 128 out of 128 rollback segments are active.
2024-01-09 10:03:27 0 [Note] InnoDB: Removed temporary tablespace data file: "ibtmp1"
2024-01-09 10:03:27 0 [Note] InnoDB: Creating shared tablespace for temporary tables
2024-01-09 10:03:27 0 [Note] InnoDB: Setting file 'C:\xampp\mysql\data\ibtmp1' size to 12 MB. Physically writing the file full; Please wait ...
2024-01-09 10:03:27 0 [Note] InnoDB: File 'C:\xampp\mysql\data\ibtmp1' size is now 12 MB.
2024-01-09 10:03:27 0 [Note] InnoDB: 10.4.32 started; log sequence number 317663; transaction id 232
2024-01-09 10:03:27 0 [Note] InnoDB: Loading buffer pool(s) from C:\xampp\mysql\data\ib_buffer_pool
2024-01-09 10:03:27 0 [Note] Plugin 'FEEDBACK' is disabled.
2024-01-09 10:03:27 0 [Note] InnoDB: Buffer pool(s) load completed at 240109 10:03:27
2024-01-09 10:03:27 0 [Note] Server socket created on IP: '::'.
2024-02-19 11:02:14 0 [Note] Starting MariaDB 10.4.32-MariaDB source revision c4143f909528e3fab0677a28631d10389354c491 as process 8580
2024-02-19 11:02:14 0 [Note] InnoDB: Mutexes and rw_locks use Windows interlocked functions
2024-02-19 11:02:14 0 [Note] InnoDB: Uses event mutexes
2024-02-19 11:02:14 0 [Note] InnoDB: Compressed tables use zlib 1.3
2024-02-19 11:02:14 0 [Note] InnoDB: Number of pools: 1
2024-02-19 11:02:14 0 [Note] InnoDB: Using SSE2 crc32 instructions
2024-02-19 11:02:14 0 [Note] InnoDB: Initializing buffer pool, total size = 16M, instances = 1, chunk size = 16M
2024-02-19 11:02:14 0 [Note] InnoDB: Completed initialization of buffer pool
2024-02-19 11:02:14 0 [Note] InnoDB: Starting crash recovery from checkpoint LSN=355785
2024-02-19 11:02:15 0 [Note] InnoDB: 128 out of 128 rollback segments are active.
2024-02-19 11:02:15 0 [Note] InnoDB: Removed temporary tablespace data file: "ibtmp1"
2024-02-19 11:02:15 0 [Note] InnoDB: Creating shared tablespace for temporary tables
2024-02-19 11:02:15 0 [Note] InnoDB: Setting file 'E:\xampp\mysql\data\ibtmp1' size to 12 MB. Physically writing the file full; Please wait ...
2024-02-19 11:02:15 0 [Note] InnoDB: File 'E:\xampp\mysql\data\ibtmp1' size is now 12 MB.
2024-02-19 11:02:15 0 [Note] InnoDB: Waiting for purge to start
2024-02-19 11:02:15 0 [Note] InnoDB: 10.4.32 started; log sequence number 355794; transaction id 399
2024-02-19 11:02:15 0 [Note] InnoDB: Loading buffer pool(s) from E:\xampp\mysql\data\ib_buffer_pool
2024-02-19 11:02:15 0 [Note] Plugin 'FEEDBACK' is disabled.
2024-02-19 11:02:15 0 [Note] Server socket created on IP: '::'.
2024-02-19 11:02:15 0 [ERROR] mysqld.exe: Table '.\mysql\db' is marked as crashed and should be repaired
2024-02-19 11:02:15 0 [Warning] Recovering table: '.\mysql\db'
2024-02-19 11:02:15 0 [Note] InnoDB: Buffer pool(s) load completed at 240219 11:02:15
2024-02-19 11:02:15 0 [Note] Reading of all Master_info entries succeeded
2024-02-19 11:02:15 0 [Note] Added new Master_info '' to hash table
2024-02-19 11:02:15 0 [Note] E:\xampp\mysql\bin\mysqld.exe: ready for connections.
Version: '10.4.32-MariaDB'  socket: ''  port: 3306  mariadb.org binary distribution
2024-02-29  9:58:11 0 [Note] Starting MariaDB 10.4.32-MariaDB source revision c4143f909528e3fab0677a28631d10389354c491 as process 11980
2024-02-29  9:58:11 0 [Note] mysqld.exe: Aria engine: starting recovery
recovered pages: 0% 100% (0.1 seconds); 
2024-02-29  9:58:12 0 [Note] mysqld.exe: Aria engine: recovery done
2024-02-29  9:58:12 0 [Note] InnoDB: Mutexes and rw_locks use Windows interlocked functions
2024-02-29  9:58:12 0 [Note] InnoDB: Uses event mutexes
2024-02-29  9:58:12 0 [Note] InnoDB: Compressed tables use zlib 1.3
2024-02-29  9:58:12 0 [Note] InnoDB: Number of pools: 1
2024-02-29  9:58:12 0 [Note] InnoDB: Using SSE2 crc32 instructions
2024-02-29  9:58:12 0 [Note] InnoDB: Initializing buffer pool, total size = 16M, instances = 1, chunk size = 16M
2024-02-29  9:58:12 0 [Note] InnoDB: Completed initialization of buffer pool
2024-02-29  9:58:12 0 [Note] InnoDB: Starting crash recovery from checkpoint LSN=384092
2024-02-29  9:58:12 0 [Note] InnoDB: 128 out of 128 rollback segments are active.
2024-02-29  9:58:12 0 [Note] InnoDB: Removed temporary tablespace data file: "ibtmp1"
2024-02-29  9:58:12 0 [Note] InnoDB: Creating shared tablespace for temporary tables
2024-02-29  9:58:12 0 [Note] InnoDB: Setting file 'E:\xampp\mysql\data\ibtmp1' size to 12 MB. Physically writing the file full; Please wait ...
2024-02-29  9:58:12 0 [Note] InnoDB: File 'E:\xampp\mysql\data\ibtmp1' size is now 12 MB.
2024-02-29  9:58:12 0 [Note] InnoDB: Waiting for purge to start
2024-02-29  9:58:12 0 [Note] InnoDB: 10.4.32 started; log sequence number 384101; transaction id 530
2024-02-29  9:58:12 0 [Note] InnoDB: Loading buffer pool(s) from E:\xampp\mysql\data\ib_buffer_pool
2024-02-29  9:58:12 0 [Note] Plugin 'FEEDBACK' is disabled.
2024-02-29  9:58:12 0 [Note] InnoDB: Buffer pool(s) load completed at 240229  9:58:12
2024-02-29  9:58:13 0 [Note] Server socket created on IP: '::'.
2024-02-29 10:00:14 0 [Note] Starting MariaDB 10.4.32-MariaDB source revision c4143f909528e3fab0677a28631d10389354c491 as process 13324
2024-02-29 10:00:14 0 [Note] InnoDB: Mutexes and rw_locks use Windows interlocked functions
2024-02-29 10:00:14 0 [Note] InnoDB: Uses event mutexes
2024-02-29 10:00:14 0 [Note] InnoDB: Compressed tables use zlib 1.3
2024-02-29 10:00:14 0 [Note] InnoDB: Number of pools: 1
2024-02-29 10:00:14 0 [Note] InnoDB: Using SSE2 crc32 instructions
2024-02-29 10:00:14 0 [Note] InnoDB: Initializing buffer pool, total size = 16M, instances = 1, chunk size = 16M
2024-02-29 10:00:14 0 [Note] InnoDB: Completed initialization of buffer pool
2024-02-29 10:00:14 0 [Note] InnoDB: Starting crash recovery from checkpoint LSN=384110
2024-02-29 10:00:14 0 [Note] InnoDB: 128 out of 128 rollback segments are active.
2024-02-29 10:00:14 0 [Note] InnoDB: Removed temporary tablespace data file: "ibtmp1"
2024-02-29 10:00:14 0 [Note] InnoDB: Creating shared tablespace for temporary tables
2024-02-29 10:00:14 0 [Note] InnoDB: Setting file 'E:\xampp\mysql\data\ibtmp1' size to 12 MB. Physically writing the file full; Please wait ...
2024-02-29 10:00:14 0 [Note] InnoDB: File 'E:\xampp\mysql\data\ibtmp1' size is now 12 MB.
2024-02-29 10:00:14 0 [Note] InnoDB: Waiting for purge to start
2024-02-29 10:00:14 0 [Note] InnoDB: 10.4.32 started; log sequence number 384119; transaction id 530
2024-02-29 10:00:14 0 [Note] InnoDB: Loading buffer pool(s) from E:\xampp\mysql\data\ib_buffer_pool
2024-02-29 10:00:14 0 [Note] Plugin 'FEEDBACK' is disabled.
2024-02-29 10:00:14 0 [Note] Server socket created on IP: '::'.
2024-02-29 10:44:23 0 [Note] Starting MariaDB 10.4.32-MariaDB source revision c4143f909528e3fab0677a28631d10389354c491 as process 11096
2024-02-29 10:44:23 0 [Note] InnoDB: Mutexes and rw_locks use Windows interlocked functions
2024-02-29 10:44:23 0 [Note] InnoDB: Uses event mutexes
2024-02-29 10:44:23 0 [Note] InnoDB: Compressed tables use zlib 1.3
2024-02-29 10:44:23 0 [Note] InnoDB: Number of pools: 1
2024-02-29 10:44:23 0 [Note] InnoDB: Using SSE2 crc32 instructions
2024-02-29 10:44:23 0 [Note] InnoDB: Initializing buffer pool, total size = 16M, instances = 1, chunk size = 16M
2024-02-29 10:44:23 0 [Note] InnoDB: Completed initialization of buffer pool
2024-02-29 10:44:23 0 [Note] InnoDB: Starting crash recovery from checkpoint LSN=384830
2024-02-29 10:44:24 0 [Note] InnoDB: 128 out of 128 rollback segments are active.
2024-02-29 10:44:24 0 [Note] InnoDB: Removed temporary tablespace data file: "ibtmp1"
2024-02-29 10:44:24 0 [Note] InnoDB: Creating shared tablespace for temporary tables
2024-02-29 10:44:24 0 [Note] InnoDB: Setting file 'E:\xampp\mysql\data\ibtmp1' size to 12 MB. Physically writing the file full; Please wait ...
2024-02-29 10:44:24 0 [Note] InnoDB: File 'E:\xampp\mysql\data\ibtmp1' size is now 12 MB.
2024-02-29 10:44:24 0 [Note] InnoDB: Waiting for purge to start
2024-02-29 10:44:24 0 [Note] InnoDB: 10.4.32 started; log sequence number 384839; transaction id 556
2024-02-29 10:44:24 0 [Note] InnoDB: Loading buffer pool(s) from E:\xampp\mysql\data\ib_buffer_pool
2024-02-29 10:44:24 0 [Note] Plugin 'FEEDBACK' is disabled.
2024-02-29 10:44:24 0 [Note] InnoDB: Buffer pool(s) load completed at 240229 10:44:24
2024-02-29 10:44:24 0 [Note] Server socket created on IP: '::'.
